Arguments: 
  /usr/local/bin/node /usr/local/bin/yarn add react

PATH: 
  /usr/local/sbin:/usr/local/bin:/usr/sbin:/usr/bin:/sbin:/bin:/usr/games:/usr/local/games

Yarn version: 
  0.17.10

Node version: 
  6.9.1

Platform: 
  linux x64

npm manifest: 
  {
    "name": "bowerion",
    "version": "0.1.0",
    "private": true,
    "devDependencies": {
      "react-scripts": "0.7.0"
    },
    "dependencies": {
  
    },
    "scripts": {
      "start": "react-scripts start",
      "build": "react-scripts build",
      "test": "react-scripts test --env=jsdom",
      "eject": "react-scripts eject"
    }
  }

yarn manifest: 
  No manifest

Lockfile: 
  No lockfile

Trace: 
  Error: getaddrinfo EAI_AGAIN registry.yarnpkg.com:443
      at Object.exports._errnoException (util.js:1026:11)
      at errnoException (dns.js:33:15)
      at GetAddrInfoReqWrap.onlookup [as oncomplete] (dns.js:76:26)
